[31/Oct/2023 13:44:52 Europe/Dublin] [Info] ############################################################
[31/Oct/2023 13:44:52 Europe/Dublin] [Info] # Output Factory initiated (html5)
[31/Oct/2023 13:44:52 Europe/Dublin] [Info] # Building output for: Sitecore Cloud Portal
[31/Oct/2023 13:44:52 Europe/Dublin] [Info] # URL /document/edit/887583
[31/Oct/2023 13:44:52 Europe/Dublin] [Info] # User: Toby Tangalin
[31/Oct/2023 13:44:52 Europe/Dublin] [Info] # Time: Tue, 31 Oct 2023 13:44:52 +0000
[31/Oct/2023 13:44:52 Europe/Dublin] [Info] # Server: aachen
[31/Oct/2023 13:44:52 Europe/Dublin] [Info] ############################################################
[31/Oct/2023 13:44:52 Europe/Dublin] [Info] Group: custom
[31/Oct/2023 13:44:52 Europe/Dublin] [Info] Type: html5
[31/Oct/2023 13:44:52 Europe/Dublin] [Info] Transformation: $user_dir/xsl/custom/layout-934730.xsl
[31/Oct/2023 13:44:52 Europe/Dublin] [Info] File found: $user_dir/xsl/custom/layout-934730.xsl
[31/Oct/2023 13:44:52 Europe/Dublin] [Info] ############################################################
[31/Oct/2023 13:44:52 Europe/Dublin] [Info] Building output for: html5
[31/Oct/2023 13:44:52 Europe/Dublin] [Info] Using stylesheet: $user_dir/xsl/custom/layout-934730.xsl
[31/Oct/2023 13:44:52 Europe/Dublin] [Info] Parameters for this build: []
[31/Oct/2023 13:44:52 Europe/Dublin] [Info] Environment variables for this build: {"taxonomy.filter.strategy":"self","taxonomies.propagate":"1","scope.profiling.used":"0","generate.preview.links":"0","taxonomy.class.name.strategy":"self","auto.image.size.attributes":"1"}
[31/Oct/2023 13:44:52 Europe/Dublin] [Info] Building output for languages: ["en"]
[31/Oct/2023 13:44:52 Europe/Dublin] [Info] Building multilang: no
[31/Oct/2023 13:44:52 Europe/Dublin] [Info] Building preview: no
[31/Oct/2023 13:44:52 Europe/Dublin] [Info] ############################################################
[31/Oct/2023 13:44:53 Europe/Dublin] [Info] Using build directory: $local_tmp/production-654104d3424227.48236232/887583-Sitecore_Cloud_Portal-html5
[31/Oct/2023 13:44:53 Europe/Dublin] [Info] -- Generating source files
[31/Oct/2023 13:44:53 Europe/Dublin] [Info] -- Propagating taxonomies: true
[31/Oct/2023 13:44:54 Europe/Dublin] [Info] -- Source files have been generated
[31/Oct/2023 13:44:54 Europe/Dublin] [Info] -- Publication has no unresolved dependencies.
[31/Oct/2023 13:44:54 Europe/Dublin] [Info] -- Generating source files complete.
[31/Oct/2023 13:44:56 Europe/Dublin] [Info] Localizing: publication-887583.xml
[31/Oct/2023 13:44:56 Europe/Dublin] [Info] Language: en
[31/Oct/2023 13:44:56 Europe/Dublin] [Warning] Resolving some links failed
[31/Oct/2023 13:44:56 Europe/Dublin] [Info] [/*/*[3]/*[4]/*[8]/*[5]/*[2]/*/*[2]/*[2]/*[2]/*[2]/*[4]/*/*] An outgoing link in <a href="/document/edit/1092297">organization access role table</a> could not be resolved. The link points to <a href="/document/edit/805390">XM Cloud Deploy app</a> which is not part of this publication.
[31/Oct/2023 13:44:56 Europe/Dublin] [Info] [/*/*[3]/*[5]/*[4]/*[5]/*[3]/*[2]/*/*[2]/*[2]/*[2]/*[2]/*[4]/*/*] An outgoing link in <a href="/document/edit/1092297">organization access role table</a> could not be resolved. The link points to <a href="/document/edit/805390">XM Cloud Deploy app</a> which is not part of this publication.
[31/Oct/2023 13:44:56 Europe/Dublin] [Info] [/*/*[3]/*[6]/*[5]/*[12]/*[3]] An outgoing link in <a href="/document/edit/1198339">Roles</a> could not be resolved. The link points to <a href="/document/edit/805390">XM Cloud Deploy app</a> which is not part of this publication.
[31/Oct/2023 13:44:56 Europe/Dublin] [Info] [/*/*[3]/*[6]/*[5]/*[17]/*[3]] An outgoing link in <a href="/document/edit/1198339">Roles</a> could not be resolved. The link points to <a href="/document/edit/805390">XM Cloud Deploy app</a> which is not part of this publication.
[31/Oct/2023 13:44:56 Europe/Dublin] [Info] [/*/*[3]/*[6]/*[7]/*[6]/*] An outgoing link in <a href="/document/edit/1198339">Roles</a> could not be resolved. The link points to <a href="/document/edit/1111776">Managing roles in Sitecore Cloud Portal</a> which is not part of this publication.
[31/Oct/2023 13:44:56 Europe/Dublin] [Info] [/*/*[3]/*[6]/*[7]/*[8]/*] An outgoing link in <a href="/document/edit/1198339">Roles</a> could not be resolved. The link points to <a href="/document/edit/1080255">Managing roles in Sitecore Cloud Portal</a> which is not part of this publication.
[31/Oct/2023 13:44:56 Europe/Dublin] [Info] [/*/*[3]/*[6]/*[7]/*[9]/*] An outgoing link in <a href="/document/edit/1198339">Roles</a> could not be resolved. The link points to <a href="/document/edit/689918">Roles and permissions in</a> which is not part of this publication.
[31/Oct/2023 13:44:56 Europe/Dublin] [Info] [/*/*[3]/*[6]/*[7]/*[10]/*] An outgoing link in <a href="/document/edit/1198339">Roles</a> could not be resolved. The link points to <a href="/document/edit/943732">Creating users in XM Cloud</a> which is not part of this publication.
[31/Oct/2023 13:44:56 Europe/Dublin] [Info] [/*/*[3]/*[6]/*[7]/*[11]/*] An outgoing link in <a href="/document/edit/1198339">Roles</a> could not be resolved. The link points to <a href="/document/edit/1108269">Deploying XM Cloud</a> which is not part of this publication.
[31/Oct/2023 13:44:56 Europe/Dublin] [Info] Variable sets found: 0
[31/Oct/2023 13:44:57 Europe/Dublin] [Info] Images found: 14
[31/Oct/2023 13:44:58 Europe/Dublin] [Info] Inserting image links.
[31/Oct/2023 13:44:58 Europe/Dublin] [Info] Found 14 image(s).
[31/Oct/2023 13:44:58 Europe/Dublin] [Info] Found image 'sitecore-cloud-portal-home-page.png'
[31/Oct/2023 13:44:58 Europe/Dublin] [Info] Found image 'profile.PNG'
[31/Oct/2023 13:44:58 Europe/Dublin] [Info] Found image 'apps-section-app-pane.PNG'
[31/Oct/2023 13:44:58 Europe/Dublin] [Info] Found image 'switcher-icon.png'
[31/Oct/2023 13:44:58 Europe/Dublin] [Info] Found image 'switch-pane.PNG'
[31/Oct/2023 13:44:58 Europe/Dublin] [Info] Found image 'account-page.PNG'
[31/Oct/2023 13:44:58 Europe/Dublin] [Info] Found image 'password-reset-email.PNG'
[31/Oct/2023 13:44:58 Europe/Dublin] [Info] Found image 'reset-password-page.PNG'
[31/Oct/2023 13:44:58 Europe/Dublin] [Info] Found image 'sitecore-cloud-portal-login-page.png'
[31/Oct/2023 13:44:58 Europe/Dublin] [Info] Found image 'SC_Cloud_-_invite_team_members.png'
[31/Oct/2023 13:44:58 Europe/Dublin] [Info] Found image 'actions-menu-horizontal-icon.png'
[31/Oct/2023 13:44:58 Europe/Dublin] [Info] Found image 'app-access.PNG'
[31/Oct/2023 13:44:58 Europe/Dublin] [Info] Found image 'pencil-outline.png'
[31/Oct/2023 13:44:58 Europe/Dublin] [Info] Found image 'trash-can-outline.png'
[31/Oct/2023 13:44:59 Europe/Dublin] [Info] Profiling parameters: []
[31/Oct/2023 13:44:59 Europe/Dublin] [Info] Profiling customisation: $user_dir/xsl/profile.xsl (not found)
[31/Oct/2023 13:44:59 Europe/Dublin] [Info] Transformation: publication-887583--en.org.xml -> publication-887583--en.xml [profile.xsl]
[31/Oct/2023 13:44:59 Europe/Dublin] [Info] Transformation: publication-887583--en.xml -> publication-887583--en.xml [internal-xref.xsl]
[31/Oct/2023 13:44:59 Europe/Dublin] [Info] Transformation: A-filelist.xml -> B-sorted.xml [IO.document.sortlang.xsl]
[31/Oct/2023 13:44:59 Europe/Dublin] [Info] Transformation: B-sorted.xml -> C-concatenated.xml [IO.document.concat.xsl]
[31/Oct/2023 13:44:59 Europe/Dublin] [Info] Transformation: B-sorted.xml -> index-en.xml [IO.document.head.xsl]
[31/Oct/2023 13:45:00 Europe/Dublin] [Info] Created copy: $user_dir/xsl/custom/layout-934730.xsl -> $user_dir/xsl/custom/654104dc21372.xsl
[31/Oct/2023 13:45:00 Europe/Dublin] [Info] Created symlink: $user_dir/xsl/html5/portal_html5-2.page.xsl -> $user_dir/xsl/custom/654104dc21372.page.xsl
[31/Oct/2023 13:45:00 Europe/Dublin] [Info] Created symlink: $user_dir/xsl/html5/portal_html5-2.index.xsl -> $user_dir/xsl/custom/654104dc21372.index.xsl
[31/Oct/2023 13:45:00 Europe/Dublin] [Info] Created symlink: $user_dir/xsl/default/html5/html5-2.page.xsl -> $user_dir/xsl/custom/654104dc21372.page.xsl
[31/Oct/2023 13:45:00 Europe/Dublin] [Info] Created symlink: $user_dir/xsl/default/html5/html5-2.index.xsl -> $user_dir/xsl/custom/654104dc21372.index.xsl
[31/Oct/2023 13:45:00 Europe/Dublin] [Info] Created symlink: $user_dir/xsl/default/html5/html5.toc.xsl -> $user_dir/xsl/custom/654104dc21372.toc.xsl
[31/Oct/2023 13:45:00 Europe/Dublin] [Info] Created symlink: $user_dir/xsl/default/html5/html5.page.xsl -> $user_dir/xsl/custom/654104dc21372.page.xsl
[31/Oct/2023 13:45:00 Europe/Dublin] [Info] Created symlink: $user_dir/xsl/default/html5/html5.index.xsl -> $user_dir/xsl/custom/654104dc21372.index.xsl
[31/Oct/2023 13:45:00 Europe/Dublin] [Info] Image copied: en/image/uuid-017a55fb-8183-5a49-77f4-0340f1bb753e.png
[31/Oct/2023 13:45:00 Europe/Dublin] [Info] Image copied: en/image/uuid-b9b63de7-4dd2-ed95-8901-29afe1d1bf30.PNG
[31/Oct/2023 13:45:00 Europe/Dublin] [Info] Image copied: en/image/uuid-075dff54-3fd5-aa47-9c76-4e099d0dbea4.PNG
[31/Oct/2023 13:45:00 Europe/Dublin] [Info] Image copied: en/image/uuid-83c5aa59-2458-838f-fa34-4543550b68f1.png
[31/Oct/2023 13:45:00 Europe/Dublin] [Info] Image copied: en/image/uuid-459bee43-9d9f-528f-82c0-fcda0f0124ba.png
[31/Oct/2023 13:45:00 Europe/Dublin] [Info] Image copied: en/image/uuid-7b7ddc83-395c-a821-00cb-fd9b79274b8d.png
[31/Oct/2023 13:45:00 Europe/Dublin] [Info] Image copied: en/image/uuid-94405ddf-ef64-dedb-5f81-98bfbc787c45.PNG
[31/Oct/2023 13:45:00 Europe/Dublin] [Info] Image copied: en/image/uuid-5698e100-8269-61db-8d02-e5cc961f3cf3.PNG
[31/Oct/2023 13:45:00 Europe/Dublin] [Info] Image copied: en/image/uuid-05eac87b-b03c-c704-9003-a5dacd35bb53.png
[31/Oct/2023 13:45:00 Europe/Dublin] [Info] Image copied: en/image/uuid-23a9aac3-e9dd-af44-e6ae-dbf0105872b4.png
[31/Oct/2023 13:45:00 Europe/Dublin] [Info] Image copied: en/image/uuid-19b5257d-2fb7-59f5-30ec-feab9a68ca43.png
[31/Oct/2023 13:45:00 Europe/Dublin] [Info] Image copied: en/image/uuid-9d46380d-f2f2-e2b5-36fd-d86f3d4194ce.png
[31/Oct/2023 13:45:00 Europe/Dublin] [Info] Image copied: en/image/uuid-ee92a345-87ca-d42e-9e81-66bc07dd28a7.png
[31/Oct/2023 13:45:00 Europe/Dublin] [Info] Image copied: en/image/uuid-ba18d6ad-d61f-ffff-45b2-8624c3b71789.png
[31-Oct-2023 13:45:10 Europe/Dublin] Parsing manifest file: css/*, css/image/*, css/image/callouts/*, js/*, js/jquery-3/*, fonts/*
[31-Oct-2023 13:45:10 Europe/Dublin] Parsing manifest file: css/*, css/image/*, css/image/callouts/*, js/*, fonts/*
[31-Oct-2023 13:45:10 Europe/Dublin] Copy file '$user_dir/xsl/custom/assets/layout-934730/5c98d7ebe55fd.png' to '$local_tmp/production-654104d3424227.48236232/887583-Sitecore_Cloud_Portal-html5/out/css/image/corporate-logo.png'
[31-Oct-2023 13:45:10 Europe/Dublin] Copy file '$apppath/lib/docbook/xsl/html5/css/image/corporate-logo-white.svg' to '$local_tmp/production-654104d3424227.48236232/887583-Sitecore_Cloud_Portal-html5/out/css/image/portal-logo.svg'
[31-Oct-2023 13:45:10 Europe/Dublin] Copy file '$user_dir/xsl/custom/assets/layout-934730/5ea6f83db4837.js' to '$local_tmp/production-654104d3424227.48236232/887583-Sitecore_Cloud_Portal-html5/out/js/layout-custom-script.js'
[31-Oct-2023 13:45:11 Europe/Dublin] Post build HTML5
[31/Oct/2023 13:45:12 Europe/Dublin] [Info] Transformation: index-en.html -> toc-en.html [654104dc21372.toc.xsl]
[31/Oct/2023 13:45:12 Europe/Dublin] [Info] Transformation: access-the-portal-for-the-first-time.html -> access-the-portal-for-the-first-time.html [654104dc21372.page.xsl]
[31/Oct/2023 13:45:12 Europe/Dublin] [Info] Transformation: log-in-to-the-sitecore-cloud-portal.html -> log-in-to-the-sitecore-cloud-portal.html [654104dc21372.page.xsl]
[31/Oct/2023 13:45:12 Europe/Dublin] [Info] Transformation: access-sitecore-apps.html -> access-sitecore-apps.html [654104dc21372.page.xsl]
[31/Oct/2023 13:45:12 Europe/Dublin] [Info] Transformation: switch-your-organization.html -> switch-your-organization.html [654104dc21372.page.xsl]
[31/Oct/2023 13:45:12 Europe/Dublin] [Info] Transformation: reset-your-sitecore-cloud-portal-password.html -> reset-your-sitecore-cloud-portal-password.html [654104dc21372.page.xsl]
[31/Oct/2023 13:45:12 Europe/Dublin] [Info] Transformation: change-your-sitecore-password.html -> change-your-sitecore-password.html [654104dc21372.page.xsl]
[31/Oct/2023 13:45:12 Europe/Dublin] [Info] Transformation: introduction-to-the-sitecore-cloud-portal.html -> introduction-to-the-sitecore-cloud-portal.html [654104dc21372.page.xsl]
[31/Oct/2023 13:45:12 Europe/Dublin] [Info] Transformation: invite-team-members-to-your-sitecore-cloud-portal-organization.html -> invite-team-members-to-your-sitecore-cloud-portal-organization.html [654104dc21372.page.xsl]
[31/Oct/2023 13:45:12 Europe/Dublin] [Info] Transformation: export-team-member-data.html -> export-team-member-data.html [654104dc21372.page.xsl]
[31/Oct/2023 13:45:12 Europe/Dublin] [Info] Transformation: manage-the-access-of-a-team-member.html -> manage-the-access-of-a-team-member.html [654104dc21372.page.xsl]
[31/Oct/2023 13:45:12 Europe/Dublin] [Info] Transformation: roles.html -> roles.html [654104dc21372.page.xsl]
[31/Oct/2023 13:45:12 Europe/Dublin] [Info] Transformation: manage-multi-factor-authentication.html -> manage-multi-factor-authentication.html [654104dc21372.page.xsl]
[31/Oct/2023 13:45:12 Europe/Dublin] [Info] Transformation: password-policy.html -> password-policy.html [654104dc21372.page.xsl]
[31/Oct/2023 13:45:12 Europe/Dublin] [Info] Transformation: session-lifetime.html -> session-lifetime.html [654104dc21372.page.xsl]
[31/Oct/2023 13:45:12 Europe/Dublin] [Info] Transformation: sitecore-authentication.html -> sitecore-authentication.html [654104dc21372.page.xsl]
[31/Oct/2023 13:45:12 Europe/Dublin] [Info] Transformation: edit-or-delete-an-sso-connection.html -> edit-or-delete-an-sso-connection.html [654104dc21372.page.xsl]
[31/Oct/2023 13:45:12 Europe/Dublin] [Info] Transformation: walkthrough--configuring-openid-connect--oidc-.html -> walkthrough--configuring-openid-connect--oidc-.html [654104dc21372.page.xsl]
[31/Oct/2023 13:45:12 Europe/Dublin] [Info] Transformation: enabling-and-deleting-sso-connections.html -> enabling-and-deleting-sso-connections.html [654104dc21372.page.xsl]
[31/Oct/2023 13:45:12 Europe/Dublin] [Info] Transformation: single-sign-on--sso-.html -> single-sign-on--sso-.html [654104dc21372.page.xsl]
[31/Oct/2023 13:45:12 Europe/Dublin] [Info] Transformation: authentication.html -> authentication.html [654104dc21372.page.xsl]
[31/Oct/2023 13:45:12 Europe/Dublin] [Info] Transformation: sitecore-cloud-portal-terminology.html -> sitecore-cloud-portal-terminology.html [654104dc21372.page.xsl]
[31/Oct/2023 13:45:12 Europe/Dublin] [Info] Transformation: create-a-support-case.html -> create-a-support-case.html [654104dc21372.page.xsl]
[31/Oct/2023 13:45:12 Europe/Dublin] [Info] Transformation: portal-administration.html -> portal-administration.html [654104dc21372.page.xsl]
[31/Oct/2023 13:45:12 Europe/Dublin] [Info] Transformation: index-en.html -> index-en.html [654104dc21372.page.xsl]
[31/Oct/2023 13:45:13 Europe/Dublin] [Info] Generating index page.
[31/Oct/2023 13:45:13 Europe/Dublin] [Info] Transformation: index.manifest -> index.html [654104dc21372.index.xsl]
[31/Oct/2023 13:45:13 Europe/Dublin] [Info] # Took 21.240841 seconds to render.
